android/app/build/outputs/mapping/release/seeds.txt
com.hesabemerchant.ActivityStarterModule: void callJavaScript()
com.hesabemerchant.fragments.Tutorial3
com.hesabemerchant.EventEmitterModule: EventEmitterModule(com.facebook.react.bridge.ReactApplicationContext)
com.hesabemerchant.entities.user.User: java.lang.String refreshToken
com.hesabemerchant.MainActivity
com.hesabemerchant.entities.resetpassword.Reset
com.hesabemerchant.fragments.Tutorial4: Tutorial4()
com.hesabemerchant.Demo: Demo()
com.hesabemerchant.entities.login.Login: java.lang.String message
com.hesabemerchant.entities.login.RefreshToken: com.hesabemerchant.entities.login.Response response
com.hesabemerchant.ActivityStarterModule: ActivityStarterModule(com.facebook.react.bridge.ReactApplicationContext)
com.hesabemerchant.entities.login.Token
com.hesabemerchant.entities.resetpassword.Reset: java.lang.Object response
com.hesabemerchant.ExampleModule: android.app.Activity activity
com.hesabemerchant.entities.login.Token: java.lang.String expiresIn
com.hesabemerchant.entities.api_error.Response
com.hesabemerchant.ExampleModule: java.lang.String getName()
com.hesabemerchant.EventEmitterModule
com.hesabemerchant.LoginActivity
com.hesabemerchant.fragments.ForgotPassword: ForgotPassword()
com.hesabemerchant.entities.login.RefreshToken: java.lang.String message
com.hesabemerchant.entities.login.Token: java.lang.String refreshToken
com.hesabemerchant.retrofit.ApiRequest
com.hesabemerchant.fragments.Tutorial1
com.hesabemerchant.ExampleModule: void MinimizeExample(java.lang.String)
com.hesabemerchant.entities.login.Token: java.lang.String accessToken
com.hesabemerchant.entities.login.Token: java.lang.String tokenType
com.hesabemerchant.entities.api_error.ErrorResponse
com.hesabemerchant.entities.api_error.ErrorResponse: com.hesabemerchant.entities.api_error.Response response
com.hesabemerchant.MainActivity: MainActivity()
com.hesabemerchant.ActivityStarterModule
com.hesabemerchant.SplashActivity
com.hesabemerchant.ActivityStarterModule: void getDeviceName(com.facebook.react.bridge.Callback)
com.hesabemerchant.entities.api_error.ErrorResponse: java.lang.String message
com.hesabemerchant.fragments.Tutorial4
com.hesabemerchant.fragments.ResetPassword: ResetPassword()
com.hesabemerchant.entities.user.User: java.lang.String userName
com.hesabemerchant.ExampleModule: ExampleModule(com.facebook.react.bridge.ReactApplicationContext)
com.hesabemerchant.ActivityStarterModule: void navigateToExample()
com.hesabemerchant.fragments.Tutorial2
com.hesabemerchant.EventEmitterModule: com.facebook.react.modules.core.DeviceEventManagerModule$RCTDeviceEventEmitter eventEmitter
com.hesabemerchant.ActivityStarterModule: java.lang.String getName()
com.hesabemerchant.entities.login.Response
com.hesabemerchant.MainApplication
com.hesabemerchant.SplashActivity: SplashActivity()
com.hesabemerchant.EventEmitterModule: void initialize()
com.hesabemerchant.EventEmitterModule: java.lang.String getName()
com.hesabemerchant.fragments.Tutorial2: Tutorial2()
com.hesabemerchant.entities.login.Login: java.lang.Boolean status
com.hesabemerchant.fragments.UserLogin: UserLogin()
com.hesabemerchant.entities.api_error.Response: java.util.List password
com.hesabemerchant.fragments.Tutorial1: Tutorial1()
com.hesabemerchant.ActivityStarterModule: void dialNumber(java.lang.String)
com.hesabemerchant.entities.api_error.ErrorResponse: java.lang.Boolean status
com.hesabemerchant.WelcomeActivity
com.hesabemerchant.NotificationServiceExtension: void remoteNotificationReceived(android.content.Context,com.onesignal.OSNotificationReceivedEvent)
com.hesabemerchant.ActivityStarterModule: void getActivityNameAsPromise(com.facebook.react.bridge.Promise)
com.hesabemerchant.entities.login.RefreshToken
com.hesabemerchant.entities.resetpassword.Reset: java.lang.Boolean status
com.hesabemerchant.entities.user.User
com.hesabemerchant.entities.resetpassword.Reset: java.lang.String message
com.hesabemerchant.EventEmitterModule: void emitEvent(java.lang.String)
...
com.facebook.react.modules.core.ExceptionsManagerModule
okhttp3.internal.huc.OkHttpURLConnection: OkHttpURLConnection(java.net.URL,okhttp3.OkHttpClient,okhttp3.internal.URLFilter)
com.swmansion.reanimated.ReanimatedModule: void initialize()
com.google.android.material.card.MaterialCardView: void setChecked(boolean)
okhttp3.internal.platform.ConscryptPlatform: java.lang.String getSelectedProtocol(javax.net.ssl.SSLSocket)
okhttp3.internal.cache.DiskLruCache: okio.BufferedSink journalWriter
com.facebook.react.bridge.ReadableNativeMap$ReadableNativeMapKeySetIterator: boolean hasNextKey()
com.google.android.material.internal.BaselineLayout: BaselineLayout(android.content.Context,android.util.AttributeSet)
com.facebook.react.views.art.ARTSurfaceViewManager: com.facebook.react.uimanager.ReactShadowNode createShadowNodeInstance()
okhttp3.internal.http2.Http2ExchangeCodec: okio.Sink createRequestBody(okhttp3.Request,long)
androidx.viewpager.widget.ViewPager: int getClientWidth()
com.facebook.react.views.checkbox.ReactCheckBoxManager: void setEnabled(com.facebook.react.views.checkbox.ReactCheckBox,boolean)
okhttp3.internal.connection.RealConnection: okhttp3.Request createTunnel(int,int,okhttp3.Request,okhttp3.HttpUrl)
com.karumi.dexter.R$color: int switch_thumb_disabled_material_dark
com.horcrux.svg.R$id: int src_over
com.horcrux.svg.R$style: int Base_Widget_AppCompat_Light_ActionBar_Solid
com.karumi.dexter.listener.single.DialogOnDeniedPermissionListener: android.content.Context context
io.realm.react.R$style: int Base_TextAppearance_AppCompat_Headline
com.swmansion.gesturehandler.react.RNGestureHandlerButtonViewManager: void setBorderRadius(com.swmansion.gesturehandler.react.RNGestureHandlerButtonViewManager$ButtonViewGroup,float)
com.facebook.fbreact.specs.NativeStatusBarManagerSpec
androidx.constraintlayout.widget.ConstraintLayout: int getOptimizationLevel()
com.facebook.react.bridge.CatalystInstanceImpl: void jniLoadScriptFromFile(java.lang.String,java.lang.String,boolean)
com.google.android.material.floatingactionbutton.FloatingActionButton: void setCompatPressedTranslationZ(float)
com.facebook.react.views.view.ReactViewGroup: void addViewWithSubviewClippingEnabled(android.view.View,int)
io.realm.react.R$styleable: int[] CoordinatorLayout_Layout
com.reactNativeQuickActions.AppShortcutsModule: void access$000(com.reactNativeQuickActions.AppShortcutsModule,android.content.Intent)
com.karumi.dexter.R$attr: int autoSizeMinTextSize
com.facebook.yoga.YogaNative: void jni_YGNodeStyleSetFlexBasisJNI(long,float)
androidx.coordinatorlayout.widget.CoordinatorLayout: void setOnHierarchyChangeListener(android.view.ViewGroup$OnHierarchyChangeListener)
okhttp3.internal.JavaNetHeaders: java.util.Map toMultimap(okhttp3.Headers,java.lang.String)
okhttp3.internal.http2.Http2Connection: void setSettings(okhttp3.internal.http2.Settings)
com.karumi.dexter.R$style: int Base_TextAppearance_AppCompat_Widget_PopupMenu_Header
com.facebook.react.views.view.ReactViewGroup: void setBorderRadius(float,int)
com.karumi.dexter.R$attr: int switchMinWidth
com.facebook.react.modules.datepicker.DatePickerDialogFragment
io.realm.react.R$style: int Base_Theme_AppCompat_DialogWhenLarge
com.facebook.react.views.textinput.ReactTextInputManager: void setReturnKeyType(com.facebook.react.views.textinput.ReactEditText,java.lang.String)
com.karumi.dexter.R$id: int action_bar_title
okhttp3.internal.http2.PushObserver$1: boolean onData(int,okio.BufferedSource,int,boolean)
androidx.swiperefreshlayout.widget.SwipeRefreshLayout: void setNestedScrollingEnabled(boolean)
com.google.android.gms.common.api.GoogleApiClient: void disconnect()
okhttp3.internal.http2.Http2Reader$Handler: void ackSettings()
com.facebook.react.fabric.ComponentFactoryDelegate: com.facebook.jni.HybridData mHybridData
com.RNFetchBlob.RNFetchBlob: java.util.concurrent.ThreadPoolExecutor threadPool
com.facebook.fbreact.specs.NativeUIManagerSpec: void focus(java.lang.Double)