android/app/build/outputs/mapping/release/mapping.txt
# compiler: R8
# compiler_version: 2.1.75
# min_api: 23
# pg_map_id: dc12776
# common_typos_disable
com.hesabemerchant.-$$Lambda$LoginActivity$5Vk0kApAKLPvQ2XAP2HbITIKDn0 -> com.hesabemerchant.a:
    com.google.android.play.core.appupdate.AppUpdateManager f$1 -> b
    com.hesabemerchant.LoginActivity f$0 -> a
    void onSuccess(java.lang.Object) -> a
com.hesabemerchant.-$$Lambda$LoginActivity$iyVon-GlIMGT7gZ0aGgfjvKi9xM -> com.hesabemerchant.b:
    com.hesabemerchant.-$$Lambda$LoginActivity$iyVon-GlIMGT7gZ0aGgfjvKi9xM INSTANCE -> a
    void onFailure(java.lang.Exception) -> b
com.hesabemerchant.-$$Lambda$NotificationServiceExtension$DTTab3hmDfNXRyi4kIZX-RRw7fY -> com.hesabemerchant.c:
    com.onesignal.OSNotification f$0 -> a
    androidx.core.app.NotificationCompat$Builder extend(androidx.core.app.NotificationCompat$Builder) -> a
com.hesabemerchant.-$$Lambda$SplashActivity$1t6msU5jpKcp34U8krWl1XNwlRE -> com.hesabemerchant.d:
    com.hesabemerchant.SplashActivity f$0 -> j
com.hesabemerchant.ExamplePackage -> com.hesabemerchant.e:
com.hesabemerchant.LoginActivity -> com.hesabemerchant.LoginActivity:
    void checkUpdate() -> L
    boolean findBinary(java.lang.String) -> M
    boolean isRooted() -> N
    void lambda$checkUpdate$0(com.google.android.play.core.appupdate.AppUpdateManager,com.google.android.play.core.appupdate.AppUpdateInfo) -> O
    void lambda$checkUpdate$0$LoginActivity(com.google.android.play.core.appupdate.AppUpdateManager,com.google.android.play.core.appupdate.AppUpdateInfo) -> P
    void lambda$checkUpdate$1(java.lang.Exception) -> Q
    void setMainFragment(androidx.fragment.app.Fragment) -> R
com.hesabemerchant.MainActivity -> com.hesabemerchant.MainActivity:
    com.facebook.react.ReactActivityDelegate createReactActivityDelegate() -> L
    java.lang.String getMainComponentName() -> M
    void sampee() -> N
com.hesabemerchant.MainActivity$1 -> com.hesabemerchant.MainActivity$a:
    com.hesabemerchant.MainActivity this$0 -> f
    com.facebook.react.ReactRootView createRootView() -> c
    android.os.Bundle getLaunchOptions() -> e
com.hesabemerchant.MainApplication -> com.hesabemerchant.MainApplication:
    com.facebook.react.ReactNativeHost mReactNativeHost -> j
    com.facebook.react.ReactNativeHost getReactNativeHost() -> a
    void initializeFlipper(android.content.Context,com.facebook.react.ReactInstanceManager) -> b
com.hesabemerchant.MainApplication$1 -> com.hesabemerchant.MainApplication$a:
    java.lang.String getJSMainModuleName() -> e
    java.util.List getPackages() -> g
    boolean getUseDeveloperSupport() -> k
com.hesabemerchant.NotificationServiceExtension -> com.hesabemerchant.NotificationServiceExtension:
    androidx.core.app.NotificationCompat$Builder lambda$remoteNotificationReceived$0(com.onesignal.OSNotification,androidx.core.app.NotificationCompat$Builder) -> a
com.hesabemerchant.SSLPinnerFactory -> com.hesabemerchant.f:
    java.lang.String hostname -> a
    okhttp3.OkHttpClient createNewNetworkModuleClient() -> a
com.hesabemerchant.SplashActivity -> com.hesabemerchant.SplashActivity:
    void initData() -> L
    void lambda$onCreate$0() -> M
    void lambda$onCreate$0$SplashActivity() -> N
com.hesabemerchant.Utils.PrefManager -> com.hesabemerchant.g.a:
    android.content.SharedPreferences$Editor editor -> b
    android.content.SharedPreferences pref -> a
    java.lang.String getLanguageName() -> a
    boolean getTutorialShown() -> b
    com.hesabemerchant.entities.user.User getUserInfo() -> c
    java.lang.String isFaceLoginEnabled() -> d
    boolean isFirstTimeLaunch() -> e
    void setFaceLoginEnabled(java.lang.String) -> f
    void setLanguageName(java.lang.String) -> g
    void setTutorialShown(boolean) -> h
    void setUserDetails(java.lang.String,java.lang.String,java.lang.String) -> i
...
com.google.android.gms.internal.measurement.zzol -> d.b.a.b.e.f.ad:
    com.google.android.gms.internal.measurement.zzhu zzc -> a
com.google.android.gms.internal.measurement.zzom -> d.b.a.b.e.f.bd:
    com.google.android.gms.internal.measurement.zzom zza -> k
    com.google.android.gms.internal.measurement.zzib zzb -> j
    com.google.android.gms.internal.measurement.zzon zzb() -> a
    boolean zzc() -> b
com.google.android.gms.internal.measurement.zzon -> d.b.a.b.e.f.cd:
com.google.android.gms.internal.measurement.zzoo -> d.b.a.b.e.f.dd:
    com.google.android.gms.internal.measurement.zzhu zza -> a
com.google.android.gms.internal.measurement.zzop -> d.b.a.b.e.f.ed:
    com.google.android.gms.internal.measurement.zzib zzb -> j
    com.google.android.gms.internal.measurement.zzop zza -> k
    double zzb() -> a
    long zzc() -> b
    long zzd() -> c
    com.google.android.gms.internal.measurement.zzoq zze() -> d
    java.lang.String zzf() -> e
    boolean zzg() -> f
com.google.android.gms.internal.measurement.zzoq -> d.b.a.b.e.f.fd:
    long zzc() -> a
    java.lang.String zzd() -> b
    boolean zze() -> c
com.google.android.gms.internal.measurement.zzor -> d.b.a.b.e.f.gd:
    com.google.android.gms.internal.measurement.zzhu zzb -> b
    com.google.android.gms.internal.measurement.zzhu zza -> a
    com.google.android.gms.internal.measurement.zzhu zzd -> d
    com.google.android.gms.internal.measurement.zzhu zzc -> c
    com.google.android.gms.internal.measurement.zzhu zze -> e
    long zzc() -> a
    java.lang.String zzd() -> b
    boolean zze() -> c
com.google.android.gms.internal.measurement.zzos -> d.b.a.b.e.f.hd:
    com.google.android.gms.internal.measurement.zzib zzb -> j
    com.google.android.gms.internal.measurement.zzos zza -> k
    com.google.android.gms.internal.measurement.zzot zzb() -> a
    boolean zzc() -> b
    boolean zzd() -> c
com.google.android.gms.internal.measurement.zzot -> d.b.a.b.e.f.id:
com.google.android.gms.internal.measurement.zzou -> d.b.a.b.e.f.jd:
    com.google.android.gms.internal.measurement.zzhu zzb -> a
com.google.android.gms.internal.measurement.zzov -> d.b.a.b.e.f.kd:
    com.google.android.gms.internal.measurement.zzib zzb -> j
    com.google.android.gms.internal.measurement.zzov zza -> k
    com.google.android.gms.internal.measurement.zzow zzb() -> a
    boolean zzc() -> b
com.google.android.gms.internal.measurement.zzow -> d.b.a.b.e.f.ld:
com.google.android.gms.internal.measurement.zzox -> d.b.a.b.e.f.md:
    com.google.android.gms.internal.measurement.zzhu zza -> a
com.google.android.gms.internal.measurement.zzoy -> d.b.a.b.e.f.nd:
    com.google.android.gms.internal.measurement.zzoy zza -> k
    com.google.android.gms.internal.measurement.zzib zzb -> j
    com.google.android.gms.internal.measurement.zzoz zzb() -> a
    boolean zzc() -> b
com.google.android.gms.internal.measurement.zzoz -> d.b.a.b.e.f.od:
com.google.android.gms.internal.measurement.zzp -> d.b.a.b.e.f.pd:
    com.google.android.gms.internal.measurement.zzap zza(com.google.android.gms.internal.measurement.zzg,java.util.List) -> a
com.google.android.gms.internal.measurement.zzpa -> d.b.a.b.e.f.qd:
    com.google.android.gms.internal.measurement.zzhu zza -> a
com.google.android.gms.internal.measurement.zzpb -> d.b.a.b.e.f.rd:
    com.google.android.gms.internal.measurement.zzib zzb -> j
    com.google.android.gms.internal.measurement.zzpb zza -> k
    com.google.android.gms.internal.measurement.zzpc zzb() -> a
    boolean zzc() -> b
    boolean zzd() -> c
com.google.android.gms.internal.measurement.zzpc -> d.b.a.b.e.f.sd:
com.google.android.gms.internal.measurement.zzpd -> d.b.a.b.e.f.td:
    com.google.android.gms.internal.measurement.zzhu zza -> a