android/app/build/outputs/mapping/release/usage.txt
com.hesabemerchant.entities.resetpassword.Reset:
    public void setStatus(java.lang.Boolean)
    public void setMessage(java.lang.String)
    public java.lang.Object getResponse()
    public void setResponse(java.lang.Object)
com.hesabemerchant.R$bool
com.hesabemerchant.Utils.PrefManager:
    public void setFirstTimeLaunch(boolean)
    private static final java.lang.String IS_FIRST_TIME_LAUNCH
    private static final java.lang.String LanguageName
    private static final java.lang.String IS_FACE_ENABLE
    private static final java.lang.String TUTORIAL_SHOWN
    private static final java.lang.String USER_NAME
    private static final java.lang.String PASSWORD
    private static final java.lang.String REFRESH_TOKEN
com.hesabemerchant.R$layout
com.hesabemerchant.R$id
com.hesabemerchant.R$font
com.hesabemerchant.R$animator
com.hesabemerchant.fragments.Tutorial2:
    public synthetic bridge void toast(android.content.Context,java.lang.String)
    public synthetic bridge void showProgress(android.app.Activity)
    public synthetic bridge void hideProgress(android.app.Activity)
    public synthetic bridge void initFragment(androidx.fragment.app.Fragment,android.os.Bundle)
com.hesabemerchant.fragments.ResetPassword:
    public synthetic bridge void setTutorialShownState(android.content.Context)
    public synthetic bridge void navigateToWelcome()
com.hesabemerchant.retrofit.RetrofitRequest:
    public void <init>()
    public static final java.lang.String BASE_URL
com.hesabemerchant.fragments.Tutorial1:
    public synthetic bridge void toast(android.content.Context,java.lang.String)
    public synthetic bridge void showProgress(android.app.Activity)
    public synthetic bridge void hideProgress(android.app.Activity)
    public synthetic bridge void initFragment(androidx.fragment.app.Fragment,android.os.Bundle)
com.hesabemerchant.entities.login.Login:
    public void setStatus(java.lang.Boolean)
    public java.lang.String getMessage()
    public void setMessage(java.lang.String)
    public void setResponse(com.hesabemerchant.entities.login.Response)
com.hesabemerchant.entities.login.Token:
    public void setTokenType(java.lang.String)
    public void setExpiresIn(java.lang.String)
    public void setAccessToken(java.lang.String)
    public void setRefreshToken(java.lang.String)
com.hesabemerchant.R$drawable
com.hesabemerchant.R$styleable
com.hesabemerchant.R$xml
com.hesabemerchant.entities.login.Response:
    public void setToken(com.hesabemerchant.entities.login.Token)
com.hesabemerchant.R$anim
com.hesabemerchant.R$mipmap
com.hesabemerchant.R
com.hesabemerchant.R$array
com.hesabemerchant.R$color
com.hesabemerchant.Utils.Utils:
    public void <init>()
com.hesabemerchant.R$plurals
com.hesabemerchant.ActivityStarterReactPackage:
    public java.util.List createJSModules()
com.hesabemerchant.fragments.ForgotPassword:
    public synthetic bridge void setTutorialShownState(android.content.Context)
    public synthetic bridge void navigateToWelcome()
com.hesabemerchant.R$dimen
com.hesabemerchant.fragments.Base:
    protected void toast(android.content.Context,int)
com.hesabemerchant.entities.api_error.Response:
    public void setPassword(java.util.List)
com.hesabemerchant.R$raw
com.hesabemerchant.R$style
com.hesabemerchant.R$integer
com.hesabemerchant.R$string
com.hesabemerchant.fragments.Tutorial4:
    public synthetic bridge void toast(android.content.Context,java.lang.String)
    public synthetic bridge void showProgress(android.app.Activity)
    public synthetic bridge void hideProgress(android.app.Activity)
    public synthetic bridge void initFragment(androidx.fragment.app.Fragment,android.os.Bundle)
com.hesabemerchant.fragments.UserLogin:
    public synthetic bridge void setTutorialShownState(android.content.Context)
...
com.google.android.material.button.MaterialButton:
    public void <init>(android.content.Context)
    public void addOnCheckedChangeListener(com.google.android.material.button.MaterialButton$OnCheckedChangeListener)
    public void removeOnCheckedChangeListener(com.google.android.material.button.MaterialButton$OnCheckedChangeListener)
    public void clearOnCheckedChangeListeners()
    public static final int ICON_GRAVITY_START
    public static final int ICON_GRAVITY_TEXT_START
    public static final int ICON_GRAVITY_END
    public static final int ICON_GRAVITY_TEXT_END
    private static final java.lang.String LOG_TAG
kotlin.internal.UProgressionUtilKt
com.google.android.material.tabs.TabItem
com.facebook.react.devsupport.DevSupportManagerBase$4
kotlin.reflect.KProperty0
androidx.swiperefreshlayout.widget.SwipeRefreshLayout:
    public void setProgressViewEndTarget(boolean,int)
    public boolean isRefreshing()
    public static final int LARGE
    public static final int DEFAULT
    public static final int DEFAULT_SLINGSHOT_DISTANCE
    static final int CIRCLE_DIAMETER
    static final int CIRCLE_DIAMETER_LARGE
    private static final int MAX_ALPHA
    private static final int STARTING_PROGRESS_ALPHA
    private static final float DECELERATE_INTERPOLATION_FACTOR
    private static final int INVALID_POINTER
    private static final float DRAG_RATE
    private static final float MAX_PROGRESS_ANGLE
    private static final int SCALE_DOWN_DURATION
    private static final int ALPHA_ANIMATION_DURATION
    private static final int ANIMATE_TO_TRIGGER_DURATION
    private static final int ANIMATE_TO_START_DURATION
    private static final int CIRCLE_BG_LIGHT
    private static final int DEFAULT_CIRCLE_TARGET
kotlin.ExperimentalMultiplatform
androidx.constraintlayout.solver.LinearSystem$Row:
    public abstract void updateFromSystem(androidx.constraintlayout.solver.LinearSystem)
    public abstract void updateFromRow(androidx.constraintlayout.solver.LinearSystem,androidx.constraintlayout.solver.ArrayRow,boolean)
    public abstract void updateFromFinalVariable(androidx.constraintlayout.solver.LinearSystem,androidx.constraintlayout.solver.SolverVariable,boolean)
com.rt2zz.reactnativecontacts.R$integer
cl.json.R$attr
com.google.android.material.appbar.AppBarLayout$ScrollingViewBehavior:
    public synthetic bridge boolean isHorizontalOffsetEnabled()
    public synthetic bridge void setHorizontalOffsetEnabled(boolean)
    public synthetic bridge boolean isVerticalOffsetEnabled()
    public synthetic bridge void setVerticalOffsetEnabled(boolean)
    public synthetic bridge int getLeftAndRightOffset()
    public synthetic bridge int getTopAndBottomOffset()
    public synthetic bridge boolean setLeftAndRightOffset(int)
    public synthetic bridge boolean setTopAndBottomOffset(int)
androidx.core.app.NotificationCompat$MessagingStyle$Message
androidx.transition.SidePropagation:
    public void setPropagationSpeed(float)
androidx.media.MediaBrowserServiceCompat
com.google.android.gms.internal.base.zap:
    public void <init>()
com.google.android.datatransport.runtime.dagger.BindsOptionalOf
com.imagepicker.R
androidx.recyclerview.widget.RecyclerView$ItemAnimator:
    public void setMoveDuration(long)
    public void setAddDuration(long)
    public void setRemoveDuration(long)
    public void setChangeDuration(long)
    public final void dispatchAnimationStarted(androidx.recyclerview.widget.RecyclerView$ViewHolder)
    public void onAnimationStarted(androidx.recyclerview.widget.RecyclerView$ViewHolder)
    public final boolean isRunning(androidx.recyclerview.widget.RecyclerView$ItemAnimator$ItemAnimatorFinishedListener)
    public static final int FLAG_CHANGED
    public static final int FLAG_REMOVED
    public static final int FLAG_INVALIDATED
    public static final int FLAG_MOVED
    public static final int FLAG_APPEARED_IN_PRE_LAYOUT
com.google.android.gms.internal.measurement.zzcu